Arguments: 
  C:\Program Files\nodejs\node.exe C:\Program Files (x86)\Yarn\bin\yarn.js

PATH: 
  C:\ProgramData\Oracle\Java\javapath;C:\WINDOWS\system32;C:\WINDOWS;C:\WINDOWS\System32\Wbem;C:\WINDOWS\System32\WindowsPowerShell\v1.0\;C:\Program Files\PuTTY\;C:\Program Files (x86)\GNU\GnuPG\pub;C:\curl;C:\Program Files\nodejs\;C:\Program Files (x86)\Windows Kits\10\Windows Performance Toolkit\;C:\Program Files\Microsoft SQL Server\130\Tools\Binn\;C:\Program Files\Git\cmd;C:\Users\phili\.dnx\bin;C:\Program Files\Microsoft DNX\Dnvm\;C:\Program Files\Microsoft SQL Server\120\Tools\Binn\;C:\Program Files (x86)\Yarn\bin;C:\Users\phili\AppData\Local\Programs\Python\Python36-32\Scripts\;C:\Users\phili\AppData\Local\Programs\Python\Python36-32\;C:\Users\phili\AppData\Local\Microsoft\WindowsApps;C:\Users\phili\AppData\Local\atom\bin;C:\Users\phili\AppData\Local\Microsoft\WindowsApps;C:\Users\phili\AppData\Roaming\npm;C:\Users\phili\AppData\Local\Yarn\bin

Yarn version: 
  1.3.2

Node version: 
  8.8.1

Platform: 
  win32 x64

npm manifest: 
  {
    "name": "gatsby-starter-blog",
    "description": "Starter Gatsby Blog",
    "version": "1.0.0",
    "author": "Kyle Mathews <mathews.kyle@gmail.com>",
    "bugs": {
      "url": "https://github.com/gatsbyjs/gatsby-starter-blog/issues"
    },
    "dependencies": {
      "classnames": "^2.2.5",
      "font-awesome": "^4.7.0",
      "gatsby": "^1.9.128",
      "gatsby-link": "^1.6.30",
      "gatsby-plugin-feed": "^1.3.14",
      "gatsby-plugin-google-analytics": "^1.0.13",
      "gatsby-plugin-google-fonts": "0.0.3",
      "gatsby-plugin-offline": "^1.0.11",
      "gatsby-plugin-react-helmet": "^1.0.8",
      "gatsby-plugin-sharp": "^1.6.22",
      "gatsby-plugin-typography": "^1.7.10",
      "gatsby-remark-copy-linked-files": "^1.5.22",
      "gatsby-remark-images": "^1.5.33",
      "gatsby-remark-prismjs": "^1.2.10",
      "gatsby-remark-responsive-iframe": "^1.4.15",
      "gatsby-remark-smartypants": "^1.4.9",
      "gatsby-source-filesystem": "^1.5.9",
      "gatsby-transformer-remark": "^1.7.23",
      "gatsby-transformer-sharp": "^1.6.15",
      "lodash": "^4.17.4",
      "polished": "^1.9.0",
      "react-responsive-grid": "^0.3.4",
      "typeface-merriweather": "0.0.43",
      "typeface-montserrat": "0.0.43",
      "typography": "^0.16.6",
      "typography-theme-alton": "^0.15.10",
      "typography-theme-wordpress-2016": "^0.15.10",
      "styled-components": "^2.2.4",
      "gatsby-plugin-styled-components": "^2.0.4"
    },
    "devDependencies": {
      "eslint": "^4.13.0",
      "eslint-plugin-react": "^7.5.1",
      "gh-pages": "^1.1.0",
      "prettier": "^1.9.1"
    },
    "homepage": "https://github.com/gatsbyjs/gatsby-starter-blog#readme",
    "keywords": [
      "gatsby"
    ],
    "license": "MIT",
    "main": "n/a",
    "repository": {
      "type": "git",
      "url": "git+https://github.com/gatsbyjs/gatsby-starter-blog.git"
    },
    "scripts": {
      "dev": "gatsby develop",
      "lint": "./node_modules/.bin/eslint --ext .js,.jsx --ignore-pattern public .",
      "test": "echo \"Error: no test specified\" && exit 1",
      "format": "prettier --trailing-comma es5 --no-semi --single-quote --write 'src/**/*.js' 'src/**/*.md'",
      "develop": "gatsby develop",
      "build": "gatsby build",
      "deploy": "gatsby build --prefix-paths && gh-pages -d public",
      "fix-semi": "eslint --quiet --ignore-pattern node_modules --ignore-pattern public --parser babel-eslint --no-eslintrc --rule '{\"semi\": [2, \"never\"], \"no-extra-semi\": [2]}' --fix gatsby-node.js"
    }
  }

yarn manifest: 
  No manifest

Lockfile: 
  No lockfile

Trace: 
  Error: 101057795:error:1408F119:SSL routines:SSL3_GET_RECORD:decryption failed or bad record mac:openssl\ssl\s3_pkt.c:535:
